0 info it worked if it ends with ok
1 verbose cli [ 'C:\\nodejs\\node.exe',
1 verbose cli   'C:\\nodejs\\node_modules\\npm\\bin\\npm-cli.js',
1 verbose cli   'start' ]
2 info using npm@3.10.10
3 info using node@v6.11.2
4 verbose run-script [ 'prestart', 'start', 'poststart' ]
5 info lifecycle multiple_pages_scaffold@1.0.0~prestart: multiple_pages_scaffold@1.0.0
6 silly lifecycle multiple_pages_scaffold@1.0.0~prestart: no script for prestart, continuing
7 info lifecycle multiple_pages_scaffold@1.0.0~start: multiple_pages_scaffold@1.0.0
8 verbose lifecycle multiple_pages_scaffold@1.0.0~start: unsafe-perm in lifecycle true
9 verbose lifecycle multiple_pages_scaffold@1.0.0~start: PATH: C:\nodejs\node_modules\npm\bin\node-gyp-bin;I:\phpweb\v2.signin.cityche.cn\static\20180119qiandao\node_modules\.bin;C:\Python27\;C:\Python27\Scripts;C:\windows\system32;C:\windows;C:\windows\System32\Wbem;C:\windows\System32\WindowsPowerShell\v1.0\;C:\Program Files (x86)\ATI Technologies\ATI.ACE\Core-Static;C:\Program Files (x86)\Microsoft SQL Server\100\Tools\Binn\;C:\Program Files\Microsoft SQL Server\100\Tools\Binn\;C:\Program Files\Microsoft SQL Server\100\DTS\Binn\;C:\Program Files (x86)\Java\jdk1.6.0_10\bin;C:\Program Files (x86)\Java\jdk1.6.0_10\jre\bin;C:\Program Files (x86)\tomcat\lib;C:\Program Files (x86)\tomcat\bin;C:\Apache24\bin;C:\php;C:\php\ext;C:\ProgramData\ComposerSetup\bin;~/.composer/vendor/bin;e:/nodejs/node_global/node_modules;e:/nodejs/node_global;C:\nodejs\;C:\Program Files\Git\cmd;~/.composer/vendor/bin;C:\Program Files (x86)\IDM Computer Solutions\UltraEdit\;C:\Users\Administrator\AppData\Roaming\Composer\vendor\bin;C:\Program Files\nodejs\;C:\Users\Administrator\AppData\Roaming\npm;C:\Users\Administrator\AppData\Local\GitHubDesktop\bin
10 verbose lifecycle multiple_pages_scaffold@1.0.0~start: CWD: I:\phpweb\v2.signin.cityche.cn\static\20180119qiandao
11 silly lifecycle multiple_pages_scaffold@1.0.0~start: Args: [ '/d /s /c',
11 silly lifecycle   'set NODE_ENV=development&& webpack-dev-server --config ./webpack_config/webpack.config.js --open' ]
12 silly lifecycle multiple_pages_scaffold@1.0.0~start: Returned: code: 3221225786  signal: null
13 info lifecycle multiple_pages_scaffold@1.0.0~start: Failed to exec start script
14 verbose stack Error: multiple_pages_scaffold@1.0.0 start: `set NODE_ENV=development&& webpack-dev-server --config ./webpack_config/webpack.config.js --open`
14 verbose stack Exit status 3221225786
14 verbose stack     at EventEmitter.<anonymous> (C:\nodejs\node_modules\npm\lib\utils\lifecycle.js:255:16)
14 verbose stack     at emitTwo (events.js:106:13)
14 verbose stack     at EventEmitter.emit (events.js:191:7)
14 verbose stack     at ChildProcess.<anonymous> (C:\nodejs\node_modules\npm\lib\utils\spawn.js:40:14)
14 verbose stack     at emitTwo (events.js:106:13)
14 verbose stack     at ChildProcess.emit (events.js:191:7)
14 verbose stack     at maybeClose (internal/child_process.js:891:16)
14 verbose stack     at Process.ChildProcess._handle.onexit (internal/child_process.js:226:5)
15 verbose pkgid multiple_pages_scaffold@1.0.0
16 verbose cwd I:\phpweb\v2.signin.cityche.cn\static\20180119qiandao
17 error Windows_NT 6.1.7601
18 error argv "C:\\nodejs\\node.exe" "C:\\nodejs\\node_modules\\npm\\bin\\npm-cli.js" "start"
19 error node v6.11.2
20 error npm  v3.10.10
21 error code ELIFECYCLE
22 error multiple_pages_scaffold@1.0.0 start: `set NODE_ENV=development&& webpack-dev-server --config ./webpack_config/webpack.config.js --open`
22 error Exit status 3221225786
23 error Failed at the multiple_pages_scaffold@1.0.0 start script 'set NODE_ENV=development&& webpack-dev-server --config ./webpack_config/webpack.config.js --open'.
23 error Make sure you have the latest version of node.js and npm installed.
23 error If you do, this is most likely a problem with the multiple_pages_scaffold package,
23 error not with npm itself.
23 error Tell the author that this fails on your system:
23 error     set NODE_ENV=development&& webpack-dev-server --config ./webpack_config/webpack.config.js --open
23 error You can get information on how to open an issue for this project with:
23 error     npm bugs multiple_pages_scaffold
23 error Or if that isn't available, you can get their info via:
23 error     npm owner ls multiple_pages_scaffold
23 error There is likely additional logging output above.
24 verbose exit [ 1, true ]
